[2020-05-19 13:34:30,205] multiqc                                            [DEBUG  ]  No MultiQC config found: /Users/laura/anaconda3/lib/python3.7/site-packages/multiqc_config.yaml
[2020-05-19 13:34:30,206] multiqc                                            [DEBUG  ]  No MultiQC config found: /Users/laura/.multiqc_config.yaml
[2020-05-19 13:34:30,209] multiqc                                            [DEBUG  ]  No MultiQC config found: multiqc_config.yaml
[2020-05-19 13:34:30,209] multiqc                                            [DEBUG  ]  Command used: /Users/laura/anaconda3/bin/multiqc /Volumes/Bumblebee/O.lurida_QuantSeq-2020/qc-processing/fastqc/untrimmed/ --filename /Volumes/Bumblebee/O.lurida_QuantSeq-2020/qc-processing/fastqc/untrimmed/multiqc_report_untrimmed.html
[2020-05-19 13:34:31,624] multiqc                                            [DEBUG  ]  Latest MultiQC version is v1.8
[2020-05-19 13:34:31,624] multiqc                                            [INFO   ]  This is MultiQC v1.9.dev0
[2020-05-19 13:34:31,624] multiqc                                            [DEBUG  ]  Command     : /Users/laura/anaconda3/bin/multiqc /Volumes/Bumblebee/O.lurida_QuantSeq-2020/qc-processing/fastqc/untrimmed/ --filename /Volumes/Bumblebee/O.lurida_QuantSeq-2020/qc-processing/fastqc/untrimmed/multiqc_report_untrimmed.html
[2020-05-19 13:34:31,625] multiqc                                            [DEBUG  ]  Working dir : /Volumes/Bumblebee/O.lurida_QuantSeq-2020/raw-data/Batch1_69plex_lane1_done
[2020-05-19 13:34:31,625] multiqc                                            [INFO   ]  Template    : default
[2020-05-19 13:34:31,625] multiqc                                            [DEBUG  ]  Running Python 3.7.7 (default, Mar 26 2020, 10:32:53)  [Clang 4.0.1 (tags/RELEASE_401/final)]
[2020-05-19 13:34:31,625] multiqc                                            [INFO   ]  Searching   : /Volumes/Bumblebee/O.lurida_QuantSeq-2020/qc-processing/fastqc/untrimmed
[2020-05-19 13:34:31,625] multiqc                                            [DEBUG  ]  Analysing modules: custom_content, conpair, peddy, methylQA, phantompeakqualtools, qualimap, preseq, quast, qorts, rna_seqc, rsem, rseqc, busco, goleft_indexcov, disambiguate, supernova, deeptools, sargasso, verifybamid, mirtrace, happy, homer, macs2, theta2, snpeff, gatk, htseq, bcftools, featureCounts, fgbio, dedup, damageprofiler, biobambam2, mtnucratio, picard, prokka, samblaster, samtools, sexdeterrmine, bamtools, jellyfish, vcftools, longranger, stacks, bbmap, bismark, biscuit, hicexplorer, hicup, hicpro, salmon, kallisto, slamdunk, star, hisat2, tophat, bowtie2, bowtie1, snpsplit, kat, leehom, adapterRemoval, clipandmerge, cutadapt, flexbar, trimmomatic, skewer, sortmerna, biobloomtools, fastq_screen, afterqc, fastp, fastqc, pycoqc, minionqc, mosdepth, multivcfanalyzer, clusterflow, bcl2fastq, interop, flash, seqyclean
[2020-05-19 13:34:31,626] multiqc                                            [DEBUG  ]  Using temporary directory for creating report: /var/folders/kn/b_4h8b912q3cg5w8v5zg8wfc0000gn/T/tmp3ypdvsc2
[2020-05-19 13:34:31,731] multiqc                                            [DEBUG  ]  Ignoring file as matched an ignore pattern: 34_S68_L002_R1_001_fastqc.html
[2020-05-19 13:34:31,731] multiqc                                            [DEBUG  ]  Ignoring file as matched an ignore pattern: 35_S72_L002_R1_001_fastqc.html
[2020-05-19 13:34:31,731] multiqc                                            [DEBUG  ]  Ignoring file as matched an ignore pattern: 37_S70_L002_R1_001_fastqc.html
[2020-05-19 13:34:31,732] multiqc                                            [DEBUG  ]  Ignoring file as matched an ignore pattern: 39_S52_L002_R1_001_fastqc.html
[2020-05-19 13:34:31,732] multiqc                                            [DEBUG  ]  Ignoring file as matched an ignore pattern: 401_S10_L002_R1_001_fastqc.html
[2020-05-19 13:34:31,732] multiqc                                            [DEBUG  ]  Ignoring file as matched an ignore pattern: 402_S5_L002_R1_001_fastqc.html
[2020-05-19 13:34:31,732] multiqc                                            [DEBUG  ]  Ignoring file as matched an ignore pattern: 403_S30_L002_R1_001_fastqc.html
[2020-05-19 13:34:31,733] multiqc                                            [DEBUG  ]  Ignoring file as matched an ignore pattern: 404_S42_L002_R1_001_fastqc.html
[2020-05-19 13:34:31,733] multiqc                                            [DEBUG  ]  Ignoring file as matched an ignore pattern: 411_S9_L002_R1_001_fastqc.html
[2020-05-19 13:34:31,733] multiqc                                            [DEBUG  ]  Ignoring file as matched an ignore pattern: 412_S74_L002_R1_001_fastqc.html
[2020-05-19 13:34:31,733] multiqc                                            [DEBUG  ]  Ignoring file as matched an ignore pattern: 413_S38_L002_R1_001_fastqc.html
[2020-05-19 13:34:31,734] multiqc                                            [DEBUG  ]  Ignoring file as matched an ignore pattern: 414_S49_L002_R1_001_fastqc.html
[2020-05-19 13:34:31,734] multiqc                                            [DEBUG  ]  Ignoring file as matched an ignore pattern: 41_S62_L002_R1_001_fastqc.html
[2020-05-19 13:34:31,735] multiqc                                            [DEBUG  ]  Ignoring file as matched an ignore pattern: 421_S22_L002_R1_001_fastqc.html
[2020-05-19 13:34:31,735] multiqc                                            [DEBUG  ]  Ignoring file as matched an ignore pattern: 431b_S8_L002_R1_001_fastqc.html
[2020-05-19 13:34:31,735] multiqc                                            [DEBUG  ]  Ignoring file as matched an ignore pattern: 432_S75_L002_R1_001_fastqc.html
[2020-05-19 13:34:31,736] multiqc                                            [DEBUG  ]  Ignoring file as matched an ignore pattern: 434_S55_L002_R1_001_fastqc.html
[2020-05-19 13:34:31,736] multiqc                                            [DEBUG  ]  Ignoring file as matched an ignore pattern: 43_S46_L002_R1_001_fastqc.html
[2020-05-19 13:34:31,736] multiqc                                            [DEBUG  ]  Ignoring file as matched an ignore pattern: 441_S73_L002_R1_001_fastqc.html
[2020-05-19 13:34:31,737] multiqc                                            [DEBUG  ]  Ignoring file as matched an ignore pattern: 442b_S60_L002_R1_001_fastqc.html
[2020-05-19 13:34:31,737] multiqc                                            [DEBUG  ]  Ignoring file as matched an ignore pattern: 443_S36_L002_R1_001_fastqc.html
[2020-05-19 13:34:31,737] multiqc                                            [DEBUG  ]  Ignoring file as matched an ignore pattern: 444_S34_L002_R1_001_fastqc.html
[2020-05-19 13:34:31,737] multiqc                                            [DEBUG  ]  Ignoring file as matched an ignore pattern: 445_S45_L002_R1_001_fastqc.html
[2020-05-19 13:34:31,738] multiqc                                            [DEBUG  ]  Ignoring file as matched an ignore pattern: 44_S71_L002_R1_001_fastqc.html
[2020-05-19 13:34:31,738] multiqc                                            [DEBUG  ]  Ignoring file as matched an ignore pattern: 451_S28_L002_R1_001_fastqc.html
[2020-05-19 13:34:31,738] multiqc                                            [DEBUG  ]  Ignoring file as matched an ignore pattern: 452b_S2_L002_R1_001_fastqc.html
[2020-05-19 13:34:31,738] multiqc                                            [DEBUG  ]  Ignoring file as matched an ignore pattern: 453_S12_L002_R1_001_fastqc.html
[2020-05-19 13:34:31,739] multiqc                                            [DEBUG  ]  Ignoring file as matched an ignore pattern: 45_S63_L002_R1_001_fastqc.html
[2020-05-19 13:34:31,739] multiqc                                            [DEBUG  ]  Ignoring file as matched an ignore pattern: 461b_S31_L002_R1_001_fastqc.html
[2020-05-19 13:34:31,740] multiqc                                            [DEBUG  ]  Ignoring file as matched an ignore pattern: 462b_S64_L002_R1_001_fastqc.html
[2020-05-19 13:34:31,740] multiqc                                            [DEBUG  ]  Ignoring file as matched an ignore pattern: 46_S66_L002_R1_001_fastqc.html
[2020-05-19 13:34:31,740] multiqc                                            [DEBUG  ]  Ignoring file as matched an ignore pattern: 471b_S51_L002_R1_001_fastqc.html
[2020-05-19 13:34:31,741] multiqc                                            [DEBUG  ]  Ignoring file as matched an ignore pattern: 472b_S48_L002_R1_001_fastqc.html
[2020-05-19 13:34:31,741] multiqc                                            [DEBUG  ]  Ignoring file as matched an ignore pattern: 473_S20_L002_R1_001_fastqc.html
[2020-05-19 13:34:31,742] multiqc                                            [DEBUG  ]  Ignoring file as matched an ignore pattern: 474_S14_L002_R1_001_fastqc.html
[2020-05-19 13:34:31,742] multiqc                                            [DEBUG  ]  Ignoring file as matched an ignore pattern: 475_S16_L002_R1_001_fastqc.html
[2020-05-19 13:34:31,742] multiqc                                            [DEBUG  ]  Ignoring file as matched an ignore pattern: 476_S17_L002_R1_001_fastqc.html
[2020-05-19 13:34:31,743] multiqc                                            [DEBUG  ]  Ignoring file as matched an ignore pattern: 477_S37_L002_R1_001_fastqc.html
[2020-05-19 13:34:31,743] multiqc                                            [DEBUG  ]  Ignoring file as matched an ignore pattern: 47_S58_L002_R1_001_fastqc.html
[2020-05-19 13:34:31,744] multiqc                                            [DEBUG  ]  Ignoring file as matched an ignore pattern: 481_S57_L002_R1_001_fastqc.html
[2020-05-19 13:34:31,744] multiqc                                            [DEBUG  ]  Ignoring file as matched an ignore pattern: 482_S25_L002_R1_001_fastqc.html
[2020-05-19 13:34:31,744] multiqc                                            [DEBUG  ]  Ignoring file as matched an ignore pattern: 483_S7_L002_R1_001_fastqc.html
[2020-05-19 13:34:31,745] multiqc                                            [DEBUG  ]  Ignoring file as matched an ignore pattern: 484_S43_L002_R1_001_fastqc.html
[2020-05-19 13:34:31,745] multiqc                                            [DEBUG  ]  Ignoring file as matched an ignore pattern: 485_S21_L002_R1_001_fastqc.html
[2020-05-19 13:34:31,745] multiqc                                            [DEBUG  ]  Ignoring file as matched an ignore pattern: 487_S6_L002_R1_001_fastqc.html
[2020-05-19 13:34:31,745] multiqc                                            [DEBUG  ]  Ignoring file as matched an ignore pattern: 488_S26_L002_R1_001_fastqc.html
[2020-05-19 13:34:31,746] multiqc                                            [DEBUG  ]  Ignoring file as matched an ignore pattern: 489_S35_L002_R1_001_fastqc.html
[2020-05-19 13:34:31,746] multiqc                                            [DEBUG  ]  Ignoring file as matched an ignore pattern: 490_S19_L002_R1_001_fastqc.html
[2020-05-19 13:34:31,746] multiqc                                            [DEBUG  ]  Ignoring file as matched an ignore pattern: 491_S50_L002_R1_001_fastqc.html
[2020-05-19 13:34:31,747] multiqc                                            [DEBUG  ]  Ignoring file as matched an ignore pattern: 492_S40_L002_R1_001_fastqc.html
[2020-05-19 13:34:31,747] multiqc                                            [DEBUG  ]  Ignoring file as matched an ignore pattern: 506_S47_L002_R1_001_fastqc.html
[2020-05-19 13:34:31,747] multiqc                                            [DEBUG  ]  Ignoring file as matched an ignore pattern: 513_S56_L002_R1_001_fastqc.html
[2020-05-19 13:34:31,747] multiqc                                            [DEBUG  ]  Ignoring file as matched an ignore pattern: 521_S65_L002_R1_001_fastqc.html
[2020-05-19 13:34:31,748] multiqc                                            [DEBUG  ]  Ignoring file as matched an ignore pattern: 522_S1_L002_R1_001_fastqc.html
[2020-05-19 13:34:31,748] multiqc                                            [DEBUG  ]  Ignoring file as matched an ignore pattern: 523_S4_L002_R1_001_fastqc.html
[2020-05-19 13:34:31,748] multiqc                                            [DEBUG  ]  Ignoring file as matched an ignore pattern: 524_S11_L002_R1_001_fastqc.html
[2020-05-19 13:34:31,748] multiqc                                            [DEBUG  ]  Ignoring file as matched an ignore pattern: 525_S18_L002_R1_001_fastqc.html
[2020-05-19 13:34:31,749] multiqc                                            [DEBUG  ]  Ignoring file as matched an ignore pattern: 526_S15_L002_R1_001_fastqc.html
[2020-05-19 13:34:31,749] multiqc                                            [DEBUG  ]  Ignoring file as matched an ignore pattern: 527_S39_L002_R1_001_fastqc.html
[2020-05-19 13:34:31,749] multiqc                                            [DEBUG  ]  Ignoring file as matched an ignore pattern: 528_S27_L002_R1_001_fastqc.html
[2020-05-19 13:34:31,749] multiqc                                            [DEBUG  ]  Ignoring file as matched an ignore pattern: 529_S53_L002_R1_001_fastqc.html
[2020-05-19 13:34:31,750] multiqc                                            [DEBUG  ]  Ignoring file as matched an ignore pattern: 531_S44_L002_R1_001_fastqc.html
[2020-05-19 13:34:31,750] multiqc                                            [DEBUG  ]  Ignoring file as matched an ignore pattern: 532_S33_L002_R1_001_fastqc.html
[2020-05-19 13:34:31,750] multiqc                                            [DEBUG  ]  Ignoring file as matched an ignore pattern: 533_S61_L002_R1_001_fastqc.html
[2020-05-19 13:34:31,750] multiqc                                            [DEBUG  ]  Ignoring file as matched an ignore pattern: 541_S41_L002_R1_001_fastqc.html
[2020-05-19 13:34:31,751] multiqc                                            [DEBUG  ]  Ignoring file as matched an ignore pattern: 542_S3_L002_R1_001_fastqc.html
[2020-05-19 13:34:31,751] multiqc                                            [DEBUG  ]  Ignoring file as matched an ignore pattern: 543_S29_L002_R1_001_fastqc.html
[2020-05-19 13:34:31,751] multiqc                                            [DEBUG  ]  Ignoring file as matched an ignore pattern: 551_S24_L002_R1_001_fastqc.html
[2020-05-19 13:34:31,751] multiqc                                            [DEBUG  ]  Ignoring file as matched an ignore pattern: 552b_S54_L002_R1_001_fastqc.html
[2020-05-19 13:34:31,752] multiqc                                            [DEBUG  ]  Ignoring file as matched an ignore pattern: 553_S23_L002_R1_001_fastqc.html
[2020-05-19 13:34:31,752] multiqc                                            [DEBUG  ]  Ignoring file as matched an ignore pattern: 554_S13_L002_R1_001_fastqc.html
[2020-05-19 13:34:31,752] multiqc                                            [DEBUG  ]  Ignoring file as matched an ignore pattern: 561_S69_L002_R1_001_fastqc.html
[2020-05-19 13:34:31,752] multiqc                                            [DEBUG  ]  Ignoring file as matched an ignore pattern: 562_S77_L002_R1_001_fastqc.html
[2020-05-19 13:34:31,753] multiqc                                            [DEBUG  ]  Ignoring file as matched an ignore pattern: 563_S59_L002_R1_001_fastqc.html
[2020-05-19 13:34:31,753] multiqc                                            [DEBUG  ]  Ignoring file as matched an ignore pattern: 564_S32_L002_R1_001_fastqc.html
[2020-05-19 13:34:31,753] multiqc                                            [DEBUG  ]  Ignoring file as matched an ignore pattern: 565_S67_L002_R1_001_fastqc.html
[2020-05-19 13:34:31,754] multiqc                                            [DEBUG  ]  Ignoring file as matched an ignore pattern: 571_S76_L002_R1_001_fastqc.html
[2020-05-19 13:34:31,754] multiqc                                            [DEBUG  ]  Ignoring file as matched an ignore pattern: Undetermined_S0_L002_R1_001_fastqc.html
[2020-05-19 13:34:31,755] multiqc                                            [DEBUG  ]  Ignoring file as matched an ignore pattern: 137_S63_L001_R1_001_fastqc.html
[2020-05-19 13:34:31,755] multiqc                                            [DEBUG  ]  Ignoring file as matched an ignore pattern: 139_S54_L001_R1_001_fastqc.html
[2020-05-19 13:34:31,755] multiqc                                            [DEBUG  ]  Ignoring file as matched an ignore pattern: 140_S64_L001_R1_001_fastqc.html
[2020-05-19 13:34:31,755] multiqc                                            [DEBUG  ]  Ignoring file as matched an ignore pattern: 141_S61_L001_R1_001_fastqc.html
[2020-05-19 13:34:31,756] multiqc                                            [DEBUG  ]  Ignoring file as matched an ignore pattern: 156_S66_L001_R1_001_fastqc.html
[2020-05-19 13:34:31,756] multiqc                                            [DEBUG  ]  Ignoring file as matched an ignore pattern: 159_S68_L001_R1_001_fastqc.html
[2020-05-19 13:34:31,756] multiqc                                            [DEBUG  ]  Ignoring file as matched an ignore pattern: 161_S57_L001_R1_001_fastqc.html
[2020-05-19 13:34:31,756] multiqc                                            [DEBUG  ]  Ignoring file as matched an ignore pattern: 162_S62_L001_R1_001_fastqc.html
[2020-05-19 13:34:31,757] multiqc                                            [DEBUG  ]  Ignoring file as matched an ignore pattern: 168_S67_L001_R1_001_fastqc.html
[2020-05-19 13:34:31,757] multiqc                                            [DEBUG  ]  Ignoring file as matched an ignore pattern: 169_S65_L001_R1_001_fastqc.html
[2020-05-19 13:34:31,757] multiqc                                            [DEBUG  ]  Ignoring file as matched an ignore pattern: 171_S58_L001_R1_001_fastqc.html
[2020-05-19 13:34:31,757] multiqc                                            [DEBUG  ]  Ignoring file as matched an ignore pattern: 172_S59_L001_R1_001_fastqc.html
[2020-05-19 13:34:31,757] multiqc                                            [DEBUG  ]  Ignoring file as matched an ignore pattern: 181_S69_L001_R1_001_fastqc.html
[2020-05-19 13:34:31,758] multiqc                                            [DEBUG  ]  Ignoring file as matched an ignore pattern: 183_S56_L001_R1_001_fastqc.html
[2020-05-19 13:34:31,758] multiqc                                            [DEBUG  ]  Ignoring file as matched an ignore pattern: 184_S55_L001_R1_001_fastqc.html
[2020-05-19 13:34:31,758] multiqc                                            [DEBUG  ]  Ignoring file as matched an ignore pattern: 185_S60_L001_R1_001_fastqc.html
[2020-05-19 13:34:31,758] multiqc                                            [DEBUG  ]  Ignoring file as matched an ignore pattern: 291_S42_L001_R1_001_fastqc.html
[2020-05-19 13:34:31,759] multiqc                                            [DEBUG  ]  Ignoring file as matched an ignore pattern: 292_S32_L001_R1_001_fastqc.html
[2020-05-19 13:34:31,759] multiqc                                            [DEBUG  ]  Ignoring file as matched an ignore pattern: 293_S11_L001_R1_001_fastqc.html
[2020-05-19 13:34:31,760] multiqc                                            [DEBUG  ]  Ignoring file as matched an ignore pattern: 294_S7_L001_R1_001_fastqc.html
[2020-05-19 13:34:31,760] multiqc                                            [DEBUG  ]  Ignoring file as matched an ignore pattern: 295_S41_L001_R1_001_fastqc.html
[2020-05-19 13:34:31,760] multiqc                                            [DEBUG  ]  Ignoring file as matched an ignore pattern: 296_S40_L001_R1_001_fastqc.html
[2020-05-19 13:34:31,760] multiqc                                            [DEBUG  ]  Ignoring file as matched an ignore pattern: 298_S25_L001_R1_001_fastqc.html
[2020-05-19 13:34:31,761] multiqc                                            [DEBUG  ]  Ignoring file as matched an ignore pattern: 299_S21_L001_R1_001_fastqc.html
[2020-05-19 13:34:31,761] multiqc                                            [DEBUG  ]  Ignoring file as matched an ignore pattern: 301_S22_L001_R1_001_fastqc.html
[2020-05-19 13:34:31,761] multiqc                                            [DEBUG  ]  Ignoring file as matched an ignore pattern: 302_S15_L001_R1_001_fastqc.html
[2020-05-19 13:34:31,761] multiqc                                            [DEBUG  ]  Ignoring file as matched an ignore pattern: 303_S17_L001_R1_001_fastqc.html
[2020-05-19 13:34:31,762] multiqc                                            [DEBUG  ]  Ignoring file as matched an ignore pattern: 304_S24_L001_R1_001_fastqc.html
[2020-05-19 13:34:31,762] multiqc                                            [DEBUG  ]  Ignoring file as matched an ignore pattern: 305_S1_L001_R1_001_fastqc.html
[2020-05-19 13:34:31,762] multiqc                                            [DEBUG  ]  Ignoring file as matched an ignore pattern: 306_S44_L001_R1_001_fastqc.html
[2020-05-19 13:34:31,763] multiqc                                            [DEBUG  ]  Ignoring file as matched an ignore pattern: 307_S45_L001_R1_001_fastqc.html
[2020-05-19 13:34:31,763] multiqc                                            [DEBUG  ]  Ignoring file as matched an ignore pattern: 308_S5_L001_R1_001_fastqc.html
[2020-05-19 13:34:31,763] multiqc                                            [DEBUG  ]  Ignoring file as matched an ignore pattern: 309_S20_L001_R1_001_fastqc.html
[2020-05-19 13:34:31,763] multiqc                                            [DEBUG  ]  Ignoring file as matched an ignore pattern: 311_S2_L001_R1_001_fastqc.html
[2020-05-19 13:34:31,764] multiqc                                            [DEBUG  ]  Ignoring file as matched an ignore pattern: 312_S28_L001_R1_001_fastqc.html
[2020-05-19 13:34:31,764] multiqc                                            [DEBUG  ]  Ignoring file as matched an ignore pattern: 313_S36_L001_R1_001_fastqc.html
[2020-05-19 13:34:31,764] multiqc                                            [DEBUG  ]  Ignoring file as matched an ignore pattern: 314_S49_L001_R1_001_fastqc.html
[2020-05-19 13:34:31,764] multiqc                                            [DEBUG  ]  Ignoring file as matched an ignore pattern: 315_S26_L001_R1_001_fastqc.html
[2020-05-19 13:34:31,764] multiqc                                            [DEBUG  ]  Ignoring file as matched an ignore pattern: 316_S9_L001_R1_001_fastqc.html
[2020-05-19 13:34:31,765] multiqc                                            [DEBUG  ]  Ignoring file as matched an ignore pattern: 317_S33_L001_R1_001_fastqc.html
[2020-05-19 13:34:31,765] multiqc                                            [DEBUG  ]  Ignoring file as matched an ignore pattern: 318_S6_L001_R1_001_fastqc.html
[2020-05-19 13:34:31,765] multiqc                                            [DEBUG  ]  Ignoring file as matched an ignore pattern: 319_S52_L001_R1_001_fastqc.html
[2020-05-19 13:34:31,766] multiqc                                            [DEBUG  ]  Ignoring file as matched an ignore pattern: 321_S29_L001_R1_001_fastqc.html
[2020-05-19 13:34:31,766] multiqc                                            [DEBUG  ]  Ignoring file as matched an ignore pattern: 322_S8_L001_R1_001_fastqc.html
[2020-05-19 13:34:31,766] multiqc                                            [DEBUG  ]  Ignoring file as matched an ignore pattern: 323_S39_L001_R1_001_fastqc.html
[2020-05-19 13:34:31,766] multiqc                                            [DEBUG  ]  Ignoring file as matched an ignore pattern: 324_S47_L001_R1_001_fastqc.html
[2020-05-19 13:34:31,767] multiqc                                            [DEBUG  ]  Ignoring file as matched an ignore pattern: 325_S13_L001_R1_001_fastqc.html
[2020-05-19 13:34:31,767] multiqc                                            [DEBUG  ]  Ignoring file as matched an ignore pattern: 326_S38_L001_R1_001_fastqc.html
[2020-05-19 13:34:31,767] multiqc                                            [DEBUG  ]  Ignoring file as matched an ignore pattern: 327_S37_L001_R1_001_fastqc.html
[2020-05-19 13:34:31,768] multiqc                                            [DEBUG  ]  Ignoring file as matched an ignore pattern: 328_S12_L001_R1_001_fastqc.html
[2020-05-19 13:34:31,768] multiqc                                            [DEBUG  ]  Ignoring file as matched an ignore pattern: 329_S46_L001_R1_001_fastqc.html
[2020-05-19 13:34:31,769] multiqc                                            [DEBUG  ]  Ignoring file as matched an ignore pattern: 331_S53_L001_R1_001_fastqc.html
[2020-05-19 13:34:31,769] multiqc                                            [DEBUG  ]  Ignoring file as matched an ignore pattern: 332_S48_L001_R1_001_fastqc.html
[2020-05-19 13:34:31,769] multiqc                                            [DEBUG  ]  Ignoring file as matched an ignore pattern: 333_S30_L001_R1_001_fastqc.html
[2020-05-19 13:34:31,769] multiqc                                            [DEBUG  ]  Ignoring file as matched an ignore pattern: 334_S50_L001_R1_001_fastqc.html
[2020-05-19 13:34:31,770] multiqc                                            [DEBUG  ]  Ignoring file as matched an ignore pattern: 335_S31_L001_R1_001_fastqc.html
[2020-05-19 13:34:31,770] multiqc                                            [DEBUG  ]  Ignoring file as matched an ignore pattern: 336_S51_L001_R1_001_fastqc.html
[2020-05-19 13:34:31,770] multiqc                                            [DEBUG  ]  Ignoring file as matched an ignore pattern: 337_S35_L001_R1_001_fastqc.html
[2020-05-19 13:34:31,771] multiqc                                            [DEBUG  ]  Ignoring file as matched an ignore pattern: 338_S4_L001_R1_001_fastqc.html
[2020-05-19 13:34:31,771] multiqc                                            [DEBUG  ]  Ignoring file as matched an ignore pattern: 339_S10_L001_R1_001_fastqc.html
[2020-05-19 13:34:31,771] multiqc                                            [DEBUG  ]  Ignoring file as matched an ignore pattern: 341_S19_L001_R1_001_fastqc.html
[2020-05-19 13:34:31,772] multiqc                                            [DEBUG  ]  Ignoring file as matched an ignore pattern: 342_S23_L001_R1_001_fastqc.html
[2020-05-19 13:34:31,772] multiqc                                            [DEBUG  ]  Ignoring file as matched an ignore pattern: 343_S14_L001_R1_001_fastqc.html
[2020-05-19 13:34:31,772] multiqc                                            [DEBUG  ]  Ignoring file as matched an ignore pattern: 344_S27_L001_R1_001_fastqc.html
[2020-05-19 13:34:31,772] multiqc                                            [DEBUG  ]  Ignoring file as matched an ignore pattern: 345_S16_L001_R1_001_fastqc.html
[2020-05-19 13:34:31,773] multiqc                                            [DEBUG  ]  Ignoring file as matched an ignore pattern: 346_S18_L001_R1_001_fastqc.html
[2020-05-19 13:34:31,773] multiqc                                            [DEBUG  ]  Ignoring file as matched an ignore pattern: 347_S43_L001_R1_001_fastqc.html
[2020-05-19 13:34:31,773] multiqc                                            [DEBUG  ]  Ignoring file as matched an ignore pattern: 348_S3_L001_R1_001_fastqc.html
[2020-05-19 13:34:31,773] multiqc                                            [DEBUG  ]  Ignoring file as matched an ignore pattern: 349_S34_L001_R1_001_fastqc.html
[2020-05-19 13:34:31,774] multiqc                                            [DEBUG  ]  Ignoring file as matched an ignore pattern: Undetermined_S0_L001_R1_001_fastqc.html
[2020-05-19 13:34:36,732] multiqc.plots.bargraph                             [DEBUG  ]  Using matplotlib version 3.1.3
[2020-05-19 13:34:36,733] multiqc.plots.linegraph                            [DEBUG  ]  Using matplotlib version 3.1.3
[2020-05-19 13:34:36,734] multiqc                                            [DEBUG  ]  No samples found: custom_content
[2020-05-19 13:34:36,737] multiqc                                            [DEBUG  ]  No samples found: conpair
[2020-05-19 13:34:36,741] multiqc                                            [DEBUG  ]  No samples found: peddy
[2020-05-19 13:34:36,750] multiqc                                            [DEBUG  ]  No samples found: methylQA
[2020-05-19 13:34:36,753] multiqc                                            [DEBUG  ]  No samples found: phantompeakqualtools
[2020-05-19 13:34:36,758] multiqc                                            [DEBUG  ]  No samples found: qualimap
[2020-05-19 13:34:36,761] multiqc                                            [DEBUG  ]  No samples found: preseq
[2020-05-19 13:34:36,769] multiqc                                            [DEBUG  ]  No samples found: quast
[2020-05-19 13:34:36,772] multiqc                                            [DEBUG  ]  No samples found: qorts
[2020-05-19 13:34:36,776] multiqc                                            [DEBUG  ]  No samples found: rna_seqc
[2020-05-19 13:34:36,779] multiqc                                            [DEBUG  ]  No samples found: rsem
[2020-05-19 13:34:36,785] multiqc                                            [DEBUG  ]  No samples found: rseqc
[2020-05-19 13:34:36,788] multiqc                                            [DEBUG  ]  No samples found: busco
[2020-05-19 13:34:36,792] multiqc                                            [DEBUG  ]  No samples found: goleft_indexcov
[2020-05-19 13:34:36,797] multiqc                                            [DEBUG  ]  No samples found: disambiguate
[2020-05-19 13:34:36,800] multiqc                                            [DEBUG  ]  No samples found: supernova
[2020-05-19 13:34:36,811] multiqc                                            [DEBUG  ]  No samples found: deeptools
[2020-05-19 13:34:36,815] multiqc                                            [DEBUG  ]  No samples found: sargasso
[2020-05-19 13:34:36,819] multiqc                                            [DEBUG  ]  No samples found: verifybamid
[2020-05-19 13:34:36,822] multiqc                                            [DEBUG  ]  No samples found: mirtrace
[2020-05-19 13:34:36,826] multiqc                                            [DEBUG  ]  No samples found: happy
[2020-05-19 13:34:36,831] multiqc                                            [DEBUG  ]  No samples found: homer
[2020-05-19 13:34:36,834] multiqc                                            [DEBUG  ]  No samples found: macs2
[2020-05-19 13:34:36,837] multiqc                                            [DEBUG  ]  No samples found: theta2
[2020-05-19 13:34:36,840] multiqc                                            [DEBUG  ]  No samples found: snpeff
[2020-05-19 13:34:36,845] multiqc                                            [DEBUG  ]  No samples found: gatk
[2020-05-19 13:34:36,848] multiqc                                            [DEBUG  ]  No samples found: htseq
[2020-05-19 13:34:36,851] multiqc                                            [DEBUG  ]  No samples found: bcftools
[2020-05-19 13:34:36,854] multiqc                                            [DEBUG  ]  No samples found: featureCounts
[2020-05-19 13:34:36,857] multiqc                                            [DEBUG  ]  No samples found: fgbio
[2020-05-19 13:34:36,860] multiqc                                            [DEBUG  ]  No samples found: dedup
[2020-05-19 13:34:36,863] multiqc                                            [DEBUG  ]  No samples found: damageprofiler
[2020-05-19 13:34:36,872] multiqc                                            [DEBUG  ]  No samples found: biobambam2
[2020-05-19 13:34:36,875] multiqc                                            [DEBUG  ]  No samples found: mtnucratio
[2020-05-19 13:34:36,877] multiqc                                            [DEBUG  ]  No samples found: picard
[2020-05-19 13:34:36,879] multiqc                                            [DEBUG  ]  No samples found: prokka
[2020-05-19 13:34:36,882] multiqc                                            [DEBUG  ]  No samples found: samblaster
[2020-05-19 13:34:36,886] multiqc                                            [DEBUG  ]  No samples found: samtools
[2020-05-19 13:34:36,888] multiqc                                            [DEBUG  ]  No samples found: sexdeterrmine
[2020-05-19 13:34:36,891] multiqc                                            [DEBUG  ]  No samples found: bamtools
[2020-05-19 13:34:36,894] multiqc                                            [DEBUG  ]  No samples found: jellyfish
[2020-05-19 13:34:36,898] multiqc                                            [DEBUG  ]  No samples found: vcftools
[2020-05-19 13:34:36,901] multiqc                                            [DEBUG  ]  No samples found: longranger
[2020-05-19 13:34:36,904] multiqc                                            [DEBUG  ]  No samples found: stacks
[2020-05-19 13:34:36,911] multiqc                                            [DEBUG  ]  No samples found: bbmap
[2020-05-19 13:34:36,913] multiqc                                            [DEBUG  ]  No samples found: bismark
[2020-05-19 13:34:36,916] multiqc                                            [DEBUG  ]  No samples found: biscuit
[2020-05-19 13:34:36,919] multiqc                                            [DEBUG  ]  No samples found: hicexplorer
[2020-05-19 13:34:36,922] multiqc                                            [DEBUG  ]  No samples found: hicup
[2020-05-19 13:34:36,925] multiqc                                            [DEBUG  ]  No samples found: hicpro
[2020-05-19 13:34:36,927] multiqc                                            [DEBUG  ]  No samples found: salmon
[2020-05-19 13:34:36,930] multiqc                                            [DEBUG  ]  No samples found: kallisto
[2020-05-19 13:34:36,932] multiqc                                            [DEBUG  ]  No samples found: slamdunk
[2020-05-19 13:34:36,935] multiqc                                            [DEBUG  ]  No samples found: star
[2020-05-19 13:34:36,938] multiqc                                            [DEBUG  ]  No samples found: hisat2
[2020-05-19 13:34:36,940] multiqc                                            [DEBUG  ]  No samples found: tophat
[2020-05-19 13:34:36,943] multiqc                                            [DEBUG  ]  No samples found: bowtie2
[2020-05-19 13:34:36,946] multiqc                                            [DEBUG  ]  No samples found: bowtie1
[2020-05-19 13:34:36,949] multiqc                                            [DEBUG  ]  No samples found: snpsplit
[2020-05-19 13:34:36,951] multiqc                                            [DEBUG  ]  No samples found: kat
[2020-05-19 13:34:36,954] multiqc                                            [DEBUG  ]  No samples found: leehom
[2020-05-19 13:34:36,956] multiqc                                            [DEBUG  ]  No samples found: adapterRemoval
[2020-05-19 13:34:36,959] multiqc                                            [DEBUG  ]  No samples found: clipandmerge
[2020-05-19 13:34:36,962] multiqc                                            [DEBUG  ]  No samples found: cutadapt
[2020-05-19 13:34:36,964] multiqc                                            [DEBUG  ]  No samples found: flexbar
[2020-05-19 13:34:36,966] multiqc                                            [DEBUG  ]  No samples found: trimmomatic
[2020-05-19 13:34:36,969] multiqc                                            [DEBUG  ]  No samples found: skewer
[2020-05-19 13:34:36,972] multiqc                                            [DEBUG  ]  No samples found: sortmerna
[2020-05-19 13:34:36,975] multiqc                                            [DEBUG  ]  No samples found: biobloomtools
[2020-05-19 13:34:36,977] multiqc                                            [DEBUG  ]  No samples found: fastq_screen
[2020-05-19 13:34:36,980] multiqc                                            [DEBUG  ]  No samples found: afterqc
[2020-05-19 13:34:36,982] multiqc                                            [DEBUG  ]  No samples found: fastp
[2020-05-19 13:34:40,999] multiqc.modules.fastqc.fastqc                      [INFO   ]  Found 148 reports
[2020-05-19 13:34:54,665] multiqc                                            [DEBUG  ]  No samples found: pycoqc
[2020-05-19 13:34:54,667] multiqc                                            [DEBUG  ]  No samples found: minionqc
[2020-05-19 13:34:54,670] multiqc                                            [DEBUG  ]  No samples found: mosdepth
[2020-05-19 13:34:54,673] multiqc                                            [DEBUG  ]  No samples found: multivcfanalyzer
[2020-05-19 13:34:54,675] multiqc                                            [DEBUG  ]  No samples found: clusterflow
[2020-05-19 13:34:54,678] multiqc                                            [DEBUG  ]  No samples found: bcl2fastq
[2020-05-19 13:34:54,680] multiqc                                            [DEBUG  ]  No samples found: interop
[2020-05-19 13:34:54,683] multiqc                                            [DEBUG  ]  No samples found: flash
[2020-05-19 13:34:54,685] multiqc                                            [DEBUG  ]  No samples found: seqyclean
[2020-05-19 13:34:54,843] multiqc                                            [INFO   ]  Compressing plot data
[2020-05-19 13:34:54,884] multiqc                                            [INFO   ]  Report      : ../../qc-processing/fastqc/untrimmed/multiqc_report_untrimmed.html
[2020-05-19 13:34:54,885] multiqc                                            [INFO   ]  Data        : ../../qc-processing/fastqc/untrimmed/multiqc_report_untrimmed_data
[2020-05-19 13:34:54,886] multiqc                                            [DEBUG  ]  Moving data file from '/var/folders/kn/b_4h8b912q3cg5w8v5zg8wfc0000gn/T/tmp3ypdvsc2/multiqc_data/multiqc_fastqc.txt' to '/Volumes/Bumblebee/O.lurida_QuantSeq-2020/qc-processing/fastqc/untrimmed/multiqc_report_untrimmed_data'
[2020-05-19 13:34:54,890] multiqc                                            [DEBUG  ]  Moving data file from '/var/folders/kn/b_4h8b912q3cg5w8v5zg8wfc0000gn/T/tmp3ypdvsc2/multiqc_data/mqc_fastqc_per_base_sequence_quality_plot_1.txt' to '/Volumes/Bumblebee/O.lurida_QuantSeq-2020/qc-processing/fastqc/untrimmed/multiqc_report_untrimmed_data'
[2020-05-19 13:34:54,892] multiqc                                            [DEBUG  ]  Moving data file from '/var/folders/kn/b_4h8b912q3cg5w8v5zg8wfc0000gn/T/tmp3ypdvsc2/multiqc_data/mqc_fastqc_per_sequence_quality_scores_plot_1.txt' to '/Volumes/Bumblebee/O.lurida_QuantSeq-2020/qc-processing/fastqc/untrimmed/multiqc_report_untrimmed_data'
[2020-05-19 13:34:54,894] multiqc                                            [DEBUG  ]  Moving data file from '/var/folders/kn/b_4h8b912q3cg5w8v5zg8wfc0000gn/T/tmp3ypdvsc2/multiqc_data/mqc_fastqc_sequence_counts_plot_1.txt' to '/Volumes/Bumblebee/O.lurida_QuantSeq-2020/qc-processing/fastqc/untrimmed/multiqc_report_untrimmed_data'
[2020-05-19 13:34:54,897] multiqc                                            [DEBUG  ]  Moving data file from '/var/folders/kn/b_4h8b912q3cg5w8v5zg8wfc0000gn/T/tmp3ypdvsc2/multiqc_data/mqc_fastqc_per_sequence_gc_content_plot_Percentages.txt' to '/Volumes/Bumblebee/O.lurida_QuantSeq-2020/qc-processing/fastqc/untrimmed/multiqc_report_untrimmed_data'
[2020-05-19 13:34:54,900] multiqc                                            [DEBUG  ]  Moving data file from '/var/folders/kn/b_4h8b912q3cg5w8v5zg8wfc0000gn/T/tmp3ypdvsc2/multiqc_data/mqc_fastqc_per_sequence_gc_content_plot_Counts.txt' to '/Volumes/Bumblebee/O.lurida_QuantSeq-2020/qc-processing/fastqc/untrimmed/multiqc_report_untrimmed_data'
[2020-05-19 13:34:54,902] multiqc                                            [DEBUG  ]  Moving data file from '/var/folders/kn/b_4h8b912q3cg5w8v5zg8wfc0000gn/T/tmp3ypdvsc2/multiqc_data/mqc_fastqc_sequence_duplication_levels_plot_1.txt' to '/Volumes/Bumblebee/O.lurida_QuantSeq-2020/qc-processing/fastqc/untrimmed/multiqc_report_untrimmed_data'
[2020-05-19 13:34:54,905] multiqc                                            [DEBUG  ]  Moving data file from '/var/folders/kn/b_4h8b912q3cg5w8v5zg8wfc0000gn/T/tmp3ypdvsc2/multiqc_data/multiqc_general_stats.txt' to '/Volumes/Bumblebee/O.lurida_QuantSeq-2020/qc-processing/fastqc/untrimmed/multiqc_report_untrimmed_data'
[2020-05-19 13:34:54,907] multiqc                                            [DEBUG  ]  Moving data file from '/var/folders/kn/b_4h8b912q3cg5w8v5zg8wfc0000gn/T/tmp3ypdvsc2/multiqc_data/mqc_fastqc_overrepresented_sequencesi_plot_1.txt' to '/Volumes/Bumblebee/O.lurida_QuantSeq-2020/qc-processing/fastqc/untrimmed/multiqc_report_untrimmed_data'
[2020-05-19 13:34:54,909] multiqc                                            [DEBUG  ]  Moving data file from '/var/folders/kn/b_4h8b912q3cg5w8v5zg8wfc0000gn/T/tmp3ypdvsc2/multiqc_data/multiqc_sources.txt' to '/Volumes/Bumblebee/O.lurida_QuantSeq-2020/qc-processing/fastqc/untrimmed/multiqc_report_untrimmed_data'
[2020-05-19 13:34:54,911] multiqc                                            [DEBUG  ]  Moving data file from '/var/folders/kn/b_4h8b912q3cg5w8v5zg8wfc0000gn/T/tmp3ypdvsc2/multiqc_data/mqc_fastqc_per_base_n_content_plot_1.txt' to '/Volumes/Bumblebee/O.lurida_QuantSeq-2020/qc-processing/fastqc/untrimmed/multiqc_report_untrimmed_data'
[2020-05-19 13:34:54,914] multiqc                                            [DEBUG  ]  Moving data file from '/var/folders/kn/b_4h8b912q3cg5w8v5zg8wfc0000gn/T/tmp3ypdvsc2/multiqc_data/mqc_fastqc_adapter_content_plot_1.txt' to '/Volumes/Bumblebee/O.lurida_QuantSeq-2020/qc-processing/fastqc/untrimmed/multiqc_report_untrimmed_data'
[2020-05-19 13:34:54,916] multiqc                                            [DEBUG  ]  Moving data file from '/var/folders/kn/b_4h8b912q3cg5w8v5zg8wfc0000gn/T/tmp3ypdvsc2/multiqc_data/multiqc_data.json' to '/Volumes/Bumblebee/O.lurida_QuantSeq-2020/qc-processing/fastqc/untrimmed/multiqc_report_untrimmed_data'
[2020-05-19 13:34:55,047] multiqc                                            [INFO   ]  MultiQC complete
